<?xml version="1.0" encoding="UTF-8"?>
<!-- Generated by org.testng.reporters.JUnitReportReporter -->
<testsuite hostname="DESKTOP-9RG7NDH" failures="0" tests="2" name="TestRunner.Run" time="35.601" errors="0" timestamp="2024-02-16T10:42:11 IST" skipped="0">
  <testcase classname="TestRunner.Run" name="runScenario" time="9.033"/>
  <testcase classname="TestRunner.Run" name="runScenario" time="26.568"/>
</testsuite> <!-- TestRunner.Run -->
