<?xml version="1.0" encoding="UTF-8"?>
<!-- Generated by org.testng.reporters.JUnitReportReporter -->
<testsuite hostname="DESKTOP-9RG7NDH" failures="0" tests="2" name="TestRunner.Run" time="47.500" errors="0" timestamp="2024-02-15T13:55:03 IST" skipped="0">
  <testcase classname="TestRunner.Run" name="runScenario" time="36.996"/>
  <testcase classname="TestRunner.Run" name="runScenario" time="10.504"/>
</testsuite> <!-- TestRunner.Run -->
