<?xml version="1.0" encoding="UTF-8"?>
<!-- Generated by org.testng.reporters.JUnitReportReporter -->
<testsuite hostname="DESKTOP-9RG7NDH" failures="0" tests="2" name="TestRunner.Run" time="37.417" errors="0" timestamp="2024-02-16T13:10:57 IST" skipped="0">
  <testcase classname="TestRunner.Run" name="runScenario" time="9.775"/>
  <testcase classname="TestRunner.Run" name="runScenario" time="27.642"/>
</testsuite> <!-- TestRunner.Run -->
